<?xml version="1.0" encoding="UTF-8"?>
<robot generator="Robot 5.0.1 (Python 3.10.6 on win32)" generated="20220907 00:27:23.991" rpa="false" schemaversion="3">
<suite id="s1" name="Test Robotframework" source="C:\Users\Syuzanna\Documents\GitHub\test_robotframework">
<suite id="s1-s1" name="Test Login Rf" source="C:\Users\Syuzanna\Documents\GitHub\test_robotframework\test_login_rf.robot">
<test id="s1-s1-t1" name="Login to the system" line="25">
<kw name="Open login page">
<kw name="Open Browser" library="SeleniumLibrary">
<arg>${LOGIN URL}</arg>
<arg>${BROWSER}</arg>
<doc>Opens a new browser instance to the optional ``url``.</doc>
<msg timestamp="20220907 00:27:24.321" level="INFO">Opening browser 'Chrome' to base url 'https://scouts-test.futbolkolektyw.pl/en'.</msg>
<status status="PASS" starttime="20220907 00:27:24.321" endtime="20220907 00:27:28.480"/>
</kw>
<kw name="Title Should Be" library="SeleniumLibrary">
<arg>Scouts panel - sign in</arg>
<doc>Verifies that the current page title equals ``title``.</doc>
<msg timestamp="20220907 00:27:28.488" level="INFO">Page title is 'Scouts panel - sign in'.</msg>
<status status="PASS" starttime="20220907 00:27:28.480" endtime="20220907 00:27:28.488"/>
</kw>
<status status="PASS" starttime="20220907 00:27:24.320" endtime="20220907 00:27:28.488"/>
</kw>
<kw name="Type in email">
<kw name="Input Text" library="SeleniumLibrary">
<arg>${EMAILINPUT}</arg>
<arg>user06@getnada.com</arg>
<doc>Types the given ``text`` into the text field identified by ``locator``.</doc>
<msg timestamp="20220907 00:27:28.490" level="INFO">Typing text 'user06@getnada.com' into text field 'xpath=//*[@id='login']'.</msg>
<status status="PASS" starttime="20220907 00:27:28.489" endtime="20220907 00:27:28.782"/>
</kw>
<status status="PASS" starttime="20220907 00:27:28.489" endtime="20220907 00:27:28.782"/>
</kw>
<kw name="Type in password">
<kw name="Input Text" library="SeleniumLibrary">
<arg>${PASSWORDINPUT}</arg>
<arg>Test-1234</arg>
<doc>Types the given ``text`` into the text field identified by ``locator``.</doc>
<msg timestamp="20220907 00:27:28.783" level="INFO">Typing text 'Test-1234' into text field 'xpath=//input[@id='password']'.</msg>
<status status="PASS" starttime="20220907 00:27:28.783" endtime="20220907 00:27:28.951"/>
</kw>
<status status="PASS" starttime="20220907 00:27:28.782" endtime="20220907 00:27:28.951"/>
</kw>
<kw name="Click on the Submit button">
<kw name="Click Element" library="SeleniumLibrary">
<arg>xpath=//span[contains(text(),'Sign in')]</arg>
<doc>Click the element identified by ``locator``.</doc>
<msg timestamp="20220907 00:27:28.953" level="INFO">Clicking element 'xpath=//span[contains(text(),'Sign in')]'.</msg>
<status status="PASS" starttime="20220907 00:27:28.952" endtime="20220907 00:27:29.025"/>
</kw>
<status status="PASS" starttime="20220907 00:27:28.952" endtime="20220907 00:27:29.026"/>
</kw>
<kw name="Assert dashboard">
<kw name="Wait Until Element Is Visible" library="SeleniumLibrary">
<arg>${PAGELOGO}</arg>
<doc>Waits until the element ``locator`` is visible.</doc>
<status status="PASS" starttime="20220907 00:27:29.028" endtime="20220907 00:27:30.244"/>
</kw>
<kw name="Title Should Be" library="SeleniumLibrary">
<arg>Scouts panel</arg>
<doc>Verifies that the current page title equals ``title``.</doc>
<msg timestamp="20220907 00:27:30.250" level="INFO">Page title is 'Scouts panel'.</msg>
<status status="PASS" starttime="20220907 00:27:30.244" endtime="20220907 00:27:30.250"/>
</kw>
<kw name="Capture Page Screenshot" library="SeleniumLibrary">
<arg>alert.png</arg>
<doc>Takes a screenshot of the current page and embeds it into a log file.</doc>
<msg timestamp="20220907 00:27:30.419" level="INFO" html="true">&lt;/td&gt;&lt;/tr&gt;&lt;tr&gt;&lt;td colspan="3"&gt;&lt;a href="alert.png"&gt;&lt;img src="alert.png" width="800px"&gt;&lt;/a&gt;</msg>
<status status="PASS" starttime="20220907 00:27:30.250" endtime="20220907 00:27:30.419"/>
</kw>
<status status="PASS" starttime="20220907 00:27:29.026" endtime="20220907 00:27:30.419"/>
</kw>
<kw name="Close Browser" library="SeleniumLibrary" type="TEARDOWN">
<doc>Closes the current browser.</doc>
<status status="PASS" starttime="20220907 00:27:30.419" endtime="20220907 00:27:32.688"/>
</kw>
<status status="PASS" starttime="20220907 00:27:24.319" endtime="20220907 00:27:32.688"/>
</test>
<test id="s1-s1-t2" name="Login to the system two" line="33">
<kw name="Open login page">
<kw name="Open Browser" library="SeleniumLibrary">
<arg>${LOGIN URL}</arg>
<arg>${BROWSER}</arg>
<doc>Opens a new browser instance to the optional ``url``.</doc>
<msg timestamp="20220907 00:27:32.693" level="INFO">Opening browser 'Chrome' to base url 'https://scouts-test.futbolkolektyw.pl/en'.</msg>
<status status="PASS" starttime="20220907 00:27:32.692" endtime="20220907 00:27:36.827"/>
</kw>
<kw name="Title Should Be" library="SeleniumLibrary">
<arg>Scouts panel - sign in</arg>
<doc>Verifies that the current page title equals ``title``.</doc>
<msg timestamp="20220907 00:27:36.835" level="INFO">Page title is 'Scouts panel - sign in'.</msg>
<status status="PASS" starttime="20220907 00:27:36.827" endtime="20220907 00:27:36.835"/>
</kw>
<status status="PASS" starttime="20220907 00:27:32.691" endtime="20220907 00:27:36.835"/>
</kw>
<kw name="Type in email">
<kw name="Input Text" library="SeleniumLibrary">
<arg>${EMAILINPUT}</arg>
<arg>user06@getnada.com</arg>
<doc>Types the given ``text`` into the text field identified by ``locator``.</doc>
<msg timestamp="20220907 00:27:36.837" level="INFO">Typing text 'user06@getnada.com' into text field 'xpath=//*[@id='login']'.</msg>
<status status="PASS" starttime="20220907 00:27:36.836" endtime="20220907 00:27:37.098"/>
</kw>
<status status="PASS" starttime="20220907 00:27:36.836" endtime="20220907 00:27:37.099"/>
</kw>
<kw name="Type in wrong password">
<kw name="Input Text" library="SeleniumLibrary">
<arg>${PASSWORDINPUT}</arg>
<arg>Apple89</arg>
<doc>Types the given ``text`` into the text field identified by ``locator``.</doc>
<msg timestamp="20220907 00:27:37.100" level="INFO">Typing text 'Apple89' into text field 'xpath=//input[@id='password']'.</msg>
<status status="PASS" starttime="20220907 00:27:37.099" endtime="20220907 00:27:37.263"/>
</kw>
<status status="PASS" starttime="20220907 00:27:37.099" endtime="20220907 00:27:37.264"/>
</kw>
<kw name="Click on the Submit button">
<kw name="Click Element" library="SeleniumLibrary">
<arg>xpath=//span[contains(text(),'Sign in')]</arg>
<doc>Click the element identified by ``locator``.</doc>
<msg timestamp="20220907 00:27:37.266" level="INFO">Clicking element 'xpath=//span[contains(text(),'Sign in')]'.</msg>
<status status="PASS" starttime="20220907 00:27:37.265" endtime="20220907 00:27:37.338"/>
</kw>
<status status="PASS" starttime="20220907 00:27:37.264" endtime="20220907 00:27:37.338"/>
</kw>
<kw name="Assert dashboard">
<kw name="Wait Until Element Is Visible" library="SeleniumLibrary">
<arg>${PAGELOGO}</arg>
<doc>Waits until the element ``locator`` is visible.</doc>
<msg timestamp="20220907 00:27:42.501" level="INFO" html="true">&lt;/td&gt;&lt;/tr&gt;&lt;tr&gt;&lt;td colspan="3"&gt;&lt;a href="selenium-screenshot-7.png"&gt;&lt;img src="selenium-screenshot-7.png" width="800px"&gt;&lt;/a&gt;</msg>
<msg timestamp="20220907 00:27:42.502" level="FAIL">Element 'xpath=//*[@id="__next"]/div[1]/main/div[3]/div[1]/div/div[1]' not visible after 5 seconds.</msg>
<status status="FAIL" starttime="20220907 00:27:37.339" endtime="20220907 00:27:42.503"/>
</kw>
<kw name="Title Should Be" library="SeleniumLibrary">
<arg>Scouts panel</arg>
<doc>Verifies that the current page title equals ``title``.</doc>
<status status="NOT RUN" starttime="20220907 00:27:42.503" endtime="20220907 00:27:42.504"/>
</kw>
<kw name="Capture Page Screenshot" library="SeleniumLibrary">
<arg>alert.png</arg>
<doc>Takes a screenshot of the current page and embeds it into a log file.</doc>
<status status="NOT RUN" starttime="20220907 00:27:42.504" endtime="20220907 00:27:42.504"/>
</kw>
<status status="FAIL" starttime="20220907 00:27:37.338" endtime="20220907 00:27:42.504"/>
</kw>
<kw name="Close Browser" library="SeleniumLibrary" type="TEARDOWN">
<doc>Closes the current browser.</doc>
<status status="PASS" starttime="20220907 00:27:42.505" endtime="20220907 00:27:47.087"/>
</kw>
<status status="FAIL" starttime="20220907 00:27:32.690" endtime="20220907 00:27:47.088">Element 'xpath=//*[@id="__next"]/div[1]/main/div[3]/div[1]/div/div[1]' not visible after 5 seconds.</status>
</test>
<test id="s1-s1-t3" name="Adding a player to the system" line="41">
<kw name="Open login page">
<kw name="Open Browser" library="SeleniumLibrary">
<arg>${LOGIN URL}</arg>
<arg>${BROWSER}</arg>
<doc>Opens a new browser instance to the optional ``url``.</doc>
<msg timestamp="20220907 00:27:47.090" level="INFO">Opening browser 'Chrome' to base url 'https://scouts-test.futbolkolektyw.pl/en'.</msg>
<status status="PASS" starttime="20220907 00:27:47.089" endtime="20220907 00:27:50.319"/>
</kw>
<kw name="Title Should Be" library="SeleniumLibrary">
<arg>Scouts panel - sign in</arg>
<doc>Verifies that the current page title equals ``title``.</doc>
<msg timestamp="20220907 00:27:50.325" level="INFO">Page title is 'Scouts panel - sign in'.</msg>
<status status="PASS" starttime="20220907 00:27:50.319" endtime="20220907 00:27:50.326"/>
</kw>
<status status="PASS" starttime="20220907 00:27:47.089" endtime="20220907 00:27:50.326"/>
</kw>
<kw name="Type in email">
<kw name="Input Text" library="SeleniumLibrary">
<arg>${EMAILINPUT}</arg>
<arg>user06@getnada.com</arg>
<doc>Types the given ``text`` into the text field identified by ``locator``.</doc>
<msg timestamp="20220907 00:27:50.328" level="INFO">Typing text 'user06@getnada.com' into text field 'xpath=//*[@id='login']'.</msg>
<status status="PASS" starttime="20220907 00:27:50.327" endtime="20220907 00:27:50.653"/>
</kw>
<status status="PASS" starttime="20220907 00:27:50.326" endtime="20220907 00:27:50.653"/>
</kw>
<kw name="Type in password">
<kw name="Input Text" library="SeleniumLibrary">
<arg>${PASSWORDINPUT}</arg>
<arg>Test-1234</arg>
<doc>Types the given ``text`` into the text field identified by ``locator``.</doc>
<msg timestamp="20220907 00:27:50.655" level="INFO">Typing text 'Test-1234' into text field 'xpath=//input[@id='password']'.</msg>
<status status="PASS" starttime="20220907 00:27:50.654" endtime="20220907 00:27:50.863"/>
</kw>
<status status="PASS" starttime="20220907 00:27:50.653" endtime="20220907 00:27:50.863"/>
</kw>
<kw name="Click on the Submit button">
<kw name="Click Element" library="SeleniumLibrary">
<arg>xpath=//span[contains(text(),'Sign in')]</arg>
<doc>Click the element identified by ``locator``.</doc>
<msg timestamp="20220907 00:27:50.865" level="INFO">Clicking element 'xpath=//span[contains(text(),'Sign in')]'.</msg>
<status status="PASS" starttime="20220907 00:27:50.864" endtime="20220907 00:27:50.942"/>
</kw>
<status status="PASS" starttime="20220907 00:27:50.864" endtime="20220907 00:27:50.943"/>
</kw>
<kw name="Assert dashboard">
<kw name="Wait Until Element Is Visible" library="SeleniumLibrary">
<arg>${PAGELOGO}</arg>
<doc>Waits until the element ``locator`` is visible.</doc>
<status status="PASS" starttime="20220907 00:27:50.945" endtime="20220907 00:27:52.177"/>
</kw>
<kw name="Title Should Be" library="SeleniumLibrary">
<arg>Scouts panel</arg>
<doc>Verifies that the current page title equals ``title``.</doc>
<msg timestamp="20220907 00:27:52.184" level="INFO">Page title is 'Scouts panel'.</msg>
<status status="PASS" starttime="20220907 00:27:52.177" endtime="20220907 00:27:52.184"/>
</kw>
<kw name="Capture Page Screenshot" library="SeleniumLibrary">
<arg>alert.png</arg>
<doc>Takes a screenshot of the current page and embeds it into a log file.</doc>
<msg timestamp="20220907 00:27:52.377" level="INFO" html="true">&lt;/td&gt;&lt;/tr&gt;&lt;tr&gt;&lt;td colspan="3"&gt;&lt;a href="alert.png"&gt;&lt;img src="alert.png" width="800px"&gt;&lt;/a&gt;</msg>
<status status="PASS" starttime="20220907 00:27:52.184" endtime="20220907 00:27:52.377"/>
</kw>
<status status="PASS" starttime="20220907 00:27:50.943" endtime="20220907 00:27:52.379"/>
</kw>
<kw name="Click on Add player button">
<kw name="Click Element" library="SeleniumLibrary">
<arg>${ADDPLAYERBUTTON}</arg>
<doc>Click the element identified by ``locator``.</doc>
<msg timestamp="20220907 00:27:52.379" level="INFO">Clicking element 'xpath=//span[contains(text(),'Add player')]'.</msg>
<status status="PASS" starttime="20220907 00:27:52.379" endtime="20220907 00:27:52.456"/>
</kw>
<status status="PASS" starttime="20220907 00:27:52.379" endtime="20220907 00:27:52.457"/>
</kw>
<kw name="Type in data">
<kw name="Input Text" library="SeleniumLibrary">
<arg>${DATAINPUT}</arg>
<arg>syuzanna.pylypiuk@gmail.com</arg>
<doc>Types the given ``text`` into the text field identified by ``locator``.</doc>
<msg timestamp="20220907 00:27:52.459" level="INFO">Typing text 'syuzanna.pylypiuk@gmail.com' into text field 'xpath=//div[1]/div[1]/div[1]/input[1]'.</msg>
<status status="PASS" starttime="20220907 00:27:52.458" endtime="20220907 00:27:52.923"/>
</kw>
<status status="PASS" starttime="20220907 00:27:52.457" endtime="20220907 00:27:52.923"/>
</kw>
<kw name="Type in name">
<kw name="Input Text" library="SeleniumLibrary">
<arg>${NAMEINPUT}</arg>
<arg>Siuzen</arg>
<doc>Types the given ``text`` into the text field identified by ``locator``.</doc>
<msg timestamp="20220907 00:27:52.924" level="INFO">Typing text 'Siuzen' into text field 'xpath=//div[2]/div[1]/div[1]/input[1]'.</msg>
<status status="PASS" starttime="20220907 00:27:52.923" endtime="20220907 00:27:53.091"/>
</kw>
<status status="PASS" starttime="20220907 00:27:52.923" endtime="20220907 00:27:53.091"/>
</kw>
<kw name="Type in surname">
<kw name="Input Text" library="SeleniumLibrary">
<arg>${SURNAMEINPUT}</arg>
<arg>Trinyty</arg>
<doc>Types the given ``text`` into the text field identified by ``locator``.</doc>
<msg timestamp="20220907 00:27:53.094" level="INFO">Typing text 'Trinyty' into text field 'xpath=//div[3]/div[1]//input[1]'.</msg>
<status status="PASS" starttime="20220907 00:27:53.093" endtime="20220907 00:27:53.267"/>
</kw>
<status status="PASS" starttime="20220907 00:27:53.092" endtime="20220907 00:27:53.267"/>
</kw>
<kw name="Type in age">
<kw name="Input Text" library="SeleniumLibrary">
<arg>${AGEINPUT}</arg>
<arg>28.08.1998</arg>
<doc>Types the given ``text`` into the text field identified by ``locator``.</doc>
<msg timestamp="20220907 00:27:53.268" level="INFO">Typing text '28.08.1998' into text field 'xpath=//div[7]//div[1]/input[1]'.</msg>
<status status="PASS" starttime="20220907 00:27:53.268" endtime="20220907 00:27:53.420"/>
</kw>
<status status="PASS" starttime="20220907 00:27:53.267" endtime="20220907 00:27:53.420"/>
</kw>
<kw name="Type in position">
<kw name="Input Text" library="SeleniumLibrary">
<arg>${POSITIONNPUT}</arg>
<arg>player</arg>
<doc>Types the given ``text`` into the text field identified by ``locator``.</doc>
<msg timestamp="20220907 00:27:53.423" level="INFO">Typing text 'player' into text field 'xpath=//div[11]//input[1]'.</msg>
<status status="PASS" starttime="20220907 00:27:53.421" endtime="20220907 00:27:53.598"/>
</kw>
<status status="PASS" starttime="20220907 00:27:53.420" endtime="20220907 00:27:53.598"/>
</kw>
<kw name="Click On The Submit">
<kw name="Click Element" library="SeleniumLibrary">
<arg>xpath=//div[3]/button[1]</arg>
<doc>Click the element identified by ``locator``.</doc>
<msg timestamp="20220907 00:27:53.600" level="INFO">Clicking element 'xpath=//div[3]/button[1]'.</msg>
<status status="PASS" starttime="20220907 00:27:53.599" endtime="20220907 00:27:53.704"/>
</kw>
<status status="PASS" starttime="20220907 00:27:53.599" endtime="20220907 00:27:53.705"/>
</kw>
<kw name="Assert dashboard">
<kw name="Wait Until Element Is Visible" library="SeleniumLibrary">
<arg>${PAGELOGO}</arg>
<doc>Waits until the element ``locator`` is visible.</doc>
<msg timestamp="20220907 00:27:58.960" level="INFO" html="true">&lt;/td&gt;&lt;/tr&gt;&lt;tr&gt;&lt;td colspan="3"&gt;&lt;a href="selenium-screenshot-8.png"&gt;&lt;img src="selenium-screenshot-8.png" width="800px"&gt;&lt;/a&gt;</msg>
<msg timestamp="20220907 00:27:58.963" level="FAIL">Element 'xpath=//*[@id="__next"]/div[1]/main/div[3]/div[1]/div/div[1]' not visible after 5 seconds.</msg>
<status status="FAIL" starttime="20220907 00:27:53.705" endtime="20220907 00:27:58.965"/>
</kw>
<kw name="Title Should Be" library="SeleniumLibrary">
<arg>Scouts panel</arg>
<doc>Verifies that the current page title equals ``title``.</doc>
<status status="NOT RUN" starttime="20220907 00:27:58.966" endtime="20220907 00:27:58.966"/>
</kw>
<kw name="Capture Page Screenshot" library="SeleniumLibrary">
<arg>alert.png</arg>
<doc>Takes a screenshot of the current page and embeds it into a log file.</doc>
<status status="NOT RUN" starttime="20220907 00:27:58.966" endtime="20220907 00:27:58.966"/>
</kw>
<status status="FAIL" starttime="20220907 00:27:53.705" endtime="20220907 00:27:58.967"/>
</kw>
<kw name="Close Browser" library="SeleniumLibrary" type="TEARDOWN">
<doc>Closes the current browser.</doc>
<status status="PASS" starttime="20220907 00:27:58.967" endtime="20220907 00:28:03.461"/>
</kw>
<status status="FAIL" starttime="20220907 00:27:47.088" endtime="20220907 00:28:03.462">Element 'xpath=//*[@id="__next"]/div[1]/main/div[3]/div[1]/div/div[1]' not visible after 5 seconds.</status>
</test>
<test id="s1-s1-t4" name="Logging out of the system" line="57">
<kw name="Open login page">
<kw name="Open Browser" library="SeleniumLibrary">
<arg>${LOGIN URL}</arg>
<arg>${BROWSER}</arg>
<doc>Opens a new browser instance to the optional ``url``.</doc>
<msg timestamp="20220907 00:28:03.468" level="INFO">Opening browser 'Chrome' to base url 'https://scouts-test.futbolkolektyw.pl/en'.</msg>
<status status="PASS" starttime="20220907 00:28:03.466" endtime="20220907 00:28:06.800"/>
</kw>
<kw name="Title Should Be" library="SeleniumLibrary">
<arg>Scouts panel - sign in</arg>
<doc>Verifies that the current page title equals ``title``.</doc>
<msg timestamp="20220907 00:28:06.807" level="INFO">Page title is 'Scouts panel - sign in'.</msg>
<status status="PASS" starttime="20220907 00:28:06.800" endtime="20220907 00:28:06.808"/>
</kw>
<status status="PASS" starttime="20220907 00:28:03.465" endtime="20220907 00:28:06.808"/>
</kw>
<kw name="Type in email">
<kw name="Input Text" library="SeleniumLibrary">
<arg>${EMAILINPUT}</arg>
<arg>user06@getnada.com</arg>
<doc>Types the given ``text`` into the text field identified by ``locator``.</doc>
<msg timestamp="20220907 00:28:06.809" level="INFO">Typing text 'user06@getnada.com' into text field 'xpath=//*[@id='login']'.</msg>
<status status="PASS" starttime="20220907 00:28:06.809" endtime="20220907 00:28:07.097"/>
</kw>
<status status="PASS" starttime="20220907 00:28:06.808" endtime="20220907 00:28:07.097"/>
</kw>
<kw name="Type in password">
<kw name="Input Text" library="SeleniumLibrary">
<arg>${PASSWORDINPUT}</arg>
<arg>Test-1234</arg>
<doc>Types the given ``text`` into the text field identified by ``locator``.</doc>
<msg timestamp="20220907 00:28:07.098" level="INFO">Typing text 'Test-1234' into text field 'xpath=//input[@id='password']'.</msg>
<status status="PASS" starttime="20220907 00:28:07.098" endtime="20220907 00:28:07.275"/>
</kw>
<status status="PASS" starttime="20220907 00:28:07.098" endtime="20220907 00:28:07.275"/>
</kw>
<kw name="Click on the Submit button">
<kw name="Click Element" library="SeleniumLibrary">
<arg>xpath=//span[contains(text(),'Sign in')]</arg>
<doc>Click the element identified by ``locator``.</doc>
<msg timestamp="20220907 00:28:07.276" level="INFO">Clicking element 'xpath=//span[contains(text(),'Sign in')]'.</msg>
<status status="PASS" starttime="20220907 00:28:07.276" endtime="20220907 00:28:07.350"/>
</kw>
<status status="PASS" starttime="20220907 00:28:07.275" endtime="20220907 00:28:07.350"/>
</kw>
<kw name="Assert dashboard">
<kw name="Wait Until Element Is Visible" library="SeleniumLibrary">
<arg>${PAGELOGO}</arg>
<doc>Waits until the element ``locator`` is visible.</doc>
<status status="PASS" starttime="20220907 00:28:07.351" endtime="20220907 00:28:08.491"/>
</kw>
<kw name="Title Should Be" library="SeleniumLibrary">
<arg>Scouts panel</arg>
<doc>Verifies that the current page title equals ``title``.</doc>
<msg timestamp="20220907 00:28:08.497" level="INFO">Page title is 'Scouts panel'.</msg>
<status status="PASS" starttime="20220907 00:28:08.491" endtime="20220907 00:28:08.497"/>
</kw>
<kw name="Capture Page Screenshot" library="SeleniumLibrary">
<arg>alert.png</arg>
<doc>Takes a screenshot of the current page and embeds it into a log file.</doc>
<msg timestamp="20220907 00:28:08.657" level="INFO" html="true">&lt;/td&gt;&lt;/tr&gt;&lt;tr&gt;&lt;td colspan="3"&gt;&lt;a href="alert.png"&gt;&lt;img src="alert.png" width="800px"&gt;&lt;/a&gt;</msg>
<status status="PASS" starttime="20220907 00:28:08.498" endtime="20220907 00:28:08.657"/>
</kw>
<status status="PASS" starttime="20220907 00:28:07.351" endtime="20220907 00:28:08.657"/>
</kw>
<kw name="Click on Sign out">
<kw name="Click Element" library="SeleniumLibrary">
<arg>${SIGNOUTBUTTON}</arg>
<doc>Click the element identified by ``locator``.</doc>
<msg timestamp="20220907 00:28:08.659" level="INFO">Clicking element 'xpath=//*[@id="__next"]/div[1]/div/div/div/ul[2]/div[2]'.</msg>
<status status="PASS" starttime="20220907 00:28:08.658" endtime="20220907 00:28:08.765"/>
</kw>
<status status="PASS" starttime="20220907 00:28:08.658" endtime="20220907 00:28:08.765"/>
</kw>
<kw name="Close Browser" library="SeleniumLibrary" type="TEARDOWN">
<doc>Closes the current browser.</doc>
<status status="PASS" starttime="20220907 00:28:08.766" endtime="20220907 00:28:11.022"/>
</kw>
<status status="PASS" starttime="20220907 00:28:03.464" endtime="20220907 00:28:11.023"/>
</test>
<test id="s1-s1-t5" name="Сhange language on the site" line="66">
<kw name="Open login page">
<kw name="Open Browser" library="SeleniumLibrary">
<arg>${LOGIN URL}</arg>
<arg>${BROWSER}</arg>
<doc>Opens a new browser instance to the optional ``url``.</doc>
<msg timestamp="20220907 00:28:11.029" level="INFO">Opening browser 'Chrome' to base url 'https://scouts-test.futbolkolektyw.pl/en'.</msg>
<status status="PASS" starttime="20220907 00:28:11.028" endtime="20220907 00:28:17.150"/>
</kw>
<kw name="Title Should Be" library="SeleniumLibrary">
<arg>Scouts panel - sign in</arg>
<doc>Verifies that the current page title equals ``title``.</doc>
<msg timestamp="20220907 00:28:17.159" level="INFO">Page title is 'Scouts panel - sign in'.</msg>
<status status="PASS" starttime="20220907 00:28:17.150" endtime="20220907 00:28:17.159"/>
</kw>
<status status="PASS" starttime="20220907 00:28:11.026" endtime="20220907 00:28:17.160"/>
</kw>
<kw name="Type in email">
<kw name="Input Text" library="SeleniumLibrary">
<arg>${EMAILINPUT}</arg>
<arg>user06@getnada.com</arg>
<doc>Types the given ``text`` into the text field identified by ``locator``.</doc>
<msg timestamp="20220907 00:28:17.161" level="INFO">Typing text 'user06@getnada.com' into text field 'xpath=//*[@id='login']'.</msg>
<status status="PASS" starttime="20220907 00:28:17.160" endtime="20220907 00:28:17.572"/>
</kw>
<status status="PASS" starttime="20220907 00:28:17.160" endtime="20220907 00:28:17.572"/>
</kw>
<kw name="Type in password">
<kw name="Input Text" library="SeleniumLibrary">
<arg>${PASSWORDINPUT}</arg>
<arg>Test-1234</arg>
<doc>Types the given ``text`` into the text field identified by ``locator``.</doc>
<msg timestamp="20220907 00:28:17.573" level="INFO">Typing text 'Test-1234' into text field 'xpath=//input[@id='password']'.</msg>
<status status="PASS" starttime="20220907 00:28:17.573" endtime="20220907 00:28:17.745"/>
</kw>
<status status="PASS" starttime="20220907 00:28:17.572" endtime="20220907 00:28:17.745"/>
</kw>
<kw name="Click on the Submit button">
<kw name="Click Element" library="SeleniumLibrary">
<arg>xpath=//span[contains(text(),'Sign in')]</arg>
<doc>Click the element identified by ``locator``.</doc>
<msg timestamp="20220907 00:28:17.746" level="INFO">Clicking element 'xpath=//span[contains(text(),'Sign in')]'.</msg>
<status status="PASS" starttime="20220907 00:28:17.746" endtime="20220907 00:28:17.815"/>
</kw>
<status status="PASS" starttime="20220907 00:28:17.746" endtime="20220907 00:28:17.816"/>
</kw>
<kw name="Assert dashboard">
<kw name="Wait Until Element Is Visible" library="SeleniumLibrary">
<arg>${PAGELOGO}</arg>
<doc>Waits until the element ``locator`` is visible.</doc>
<status status="PASS" starttime="20220907 00:28:17.817" endtime="20220907 00:28:18.954"/>
</kw>
<kw name="Title Should Be" library="SeleniumLibrary">
<arg>Scouts panel</arg>
<doc>Verifies that the current page title equals ``title``.</doc>
<msg timestamp="20220907 00:28:18.961" level="INFO">Page title is 'Scouts panel'.</msg>
<status status="PASS" starttime="20220907 00:28:18.954" endtime="20220907 00:28:18.962"/>
</kw>
<kw name="Capture Page Screenshot" library="SeleniumLibrary">
<arg>alert.png</arg>
<doc>Takes a screenshot of the current page and embeds it into a log file.</doc>
<msg timestamp="20220907 00:28:19.137" level="INFO" html="true">&lt;/td&gt;&lt;/tr&gt;&lt;tr&gt;&lt;td colspan="3"&gt;&lt;a href="alert.png"&gt;&lt;img src="alert.png" width="800px"&gt;&lt;/a&gt;</msg>
<status status="PASS" starttime="20220907 00:28:18.962" endtime="20220907 00:28:19.137"/>
</kw>
<status status="PASS" starttime="20220907 00:28:17.816" endtime="20220907 00:28:19.138"/>
</kw>
<kw name="Click on language">
<kw name="Click Element" library="SeleniumLibrary">
<arg>${CHANGELANGUAGEBUTTON}</arg>
<doc>Click the element identified by ``locator``.</doc>
<msg timestamp="20220907 00:28:19.139" level="INFO">Clicking element 'xpath=//div[1]/ul[2]/div[1]'.</msg>
<status status="PASS" starttime="20220907 00:28:19.139" endtime="20220907 00:28:19.245"/>
</kw>
<status status="PASS" starttime="20220907 00:28:19.138" endtime="20220907 00:28:19.246"/>
</kw>
<kw name="Assert dashboard">
<kw name="Wait Until Element Is Visible" library="SeleniumLibrary">
<arg>${PAGELOGO}</arg>
<doc>Waits until the element ``locator`` is visible.</doc>
<status status="PASS" starttime="20220907 00:28:19.247" endtime="20220907 00:28:19.278"/>
</kw>
<kw name="Title Should Be" library="SeleniumLibrary">
<arg>Scouts panel</arg>
<doc>Verifies that the current page title equals ``title``.</doc>
<msg timestamp="20220907 00:28:19.285" level="INFO">Page title is 'Scouts panel'.</msg>
<status status="PASS" starttime="20220907 00:28:19.279" endtime="20220907 00:28:19.285"/>
</kw>
<kw name="Capture Page Screenshot" library="SeleniumLibrary">
<arg>alert.png</arg>
<doc>Takes a screenshot of the current page and embeds it into a log file.</doc>
<msg timestamp="20220907 00:28:19.480" level="INFO" html="true">&lt;/td&gt;&lt;/tr&gt;&lt;tr&gt;&lt;td colspan="3"&gt;&lt;a href="alert.png"&gt;&lt;img src="alert.png" width="800px"&gt;&lt;/a&gt;</msg>
<status status="PASS" starttime="20220907 00:28:19.285" endtime="20220907 00:28:19.480"/>
</kw>
<status status="PASS" starttime="20220907 00:28:19.246" endtime="20220907 00:28:19.481"/>
</kw>
<kw name="Close Browser" library="SeleniumLibrary" type="TEARDOWN">
<doc>Closes the current browser.</doc>
<status status="PASS" starttime="20220907 00:28:19.481" endtime="20220907 00:28:21.751"/>
</kw>
<status status="PASS" starttime="20220907 00:28:11.024" endtime="20220907 00:28:21.751"/>
</test>
<doc>Suite description #automated tests for scout website</doc>
<status status="FAIL" starttime="20220907 00:27:24.028" endtime="20220907 00:28:21.752"/>
</suite>
<status status="FAIL" starttime="20220907 00:27:23.996" endtime="20220907 00:28:21.754"/>
</suite>
<statistics>
<total>
<stat pass="3" fail="2" skip="0">All Tests</stat>
</total>
<tag>
</tag>
<suite>
<stat pass="3" fail="2" skip="0" id="s1" name="Test Robotframework">Test Robotframework</stat>
<stat pass="3" fail="2" skip="0" id="s1-s1" name="Test Login Rf">Test Robotframework.Test Login Rf</stat>
</suite>
</statistics>
<errors>
</errors>
</robot>
